<?xml version="1.0" encoding="UTF-8" ?>
<!-- *
 * Copyright 2022 ThoughtWorks, Inc.
 *
 * Licensed under the Apache License, Version 2.0 (the "License");
 * you may not use this file except in compliance with the License.
 * You may obtain a copy of the License at
 *
 *    http://www.apache.org/licenses/LICENSE-2.0
 *
 * Unless required by applicable law or agreed to in writing, software
 * distributed under the License is distributed on an "AS IS" BASIS,
 * WITHOUT WARRANTIES OR CONDITIONS OF ANY KIND, either express or implied.
 * See the License for the specific language governing permissions and
 * limitations under the License.
 * -->

<testsuite errors="1" failures="0" hostname="somehost.somedomain.com" name="com.thoughtworks.studios.shine.semweb.jena.JenaBoundVariablesTest" tests="16" time="0.048" timestamp="2009-12-18T22:00:33">
  <properties>
    <property name="java.runtime.name" value="Java(TM) SE Runtime Environment" />
    <property name="sun.boot.library.path" value="/System/Library/Frameworks/JavaVM.framework/Versions/1.6.0/Libraries" />
    <property name="java.vm.version" value="14.3-b01-101" />
    <property name="awt.nativeDoubleBuffering" value="true" />
    <property name="ant.library.dir" value="/Users/djrice/studios-dev/shine/tools/ant/lib" />
    <property name="gopherProxySet" value="false" />
    <property name="ant.version" value="Apache Ant version 1.7.1 compiled on June 27 2008" />
    <property name="mrj.build" value="10M3025" />
    <property name="ant.java.version" value="1.6" />
    <property name="java.vm.vendor" value="Apple Inc." />
    <property name="java.vendor.url" value="http://www.apple.com/" />
    <property name="path.separator" value=":" />
    <property name="java.vm.name" value="Java HotSpot(TM) Client VM" />
    <property name="file.encoding.pkg" value="sun.io" />
    <property name="user.country" value="US" />
    <property name="sun.java.launcher" value="SUN_STANDARD" />
    <property name="sun.os.patch.level" value="unknown" />
    <property name="java.vm.specification.name" value="Java Virtual Machine Specification" />
    <property name="user.dir" value="/Users/djrice/studios-dev/shine/backend/target/test" />
    <property name="java.runtime.version" value="1.6.0_17-b04-248-10M3025" />
    <property name="ant.file.temp-apache-script" value="/Users/djrice/studios-dev/shine/build.rake.tmp.xml" />
    <property name="java.awt.graphicsenv" value="apple.awt.CGraphicsEnvironment" />
    <property name="basedir" value="/Users/djrice/studios-dev/shine" />
    <property name="java.endorsed.dirs" value="/System/Library/Frameworks/JavaVM.framework/Versions/1.6.0/Home/lib/endorsed" />
    <property name="os.arch" value="i386" />
    <property name="java.io.tmpdir" value="/var/folders/gr/gr5wuEg6HUe8xdjhkzMJR++++TI/-Tmp-/" />
    <property name="ant.core.lib" value="/Users/djrice/studios-dev/shine/tools/ant/lib/ant.jar" />
    <property name="line.separator" value="
" />
    <property name="java.vm.specification.vendor" value="Sun Microsystems Inc." />
    <property name="os.name" value="Mac OS X" />
    <property name="ant.home" value="/Users/djrice/studios-dev/shine/tools/ant" />
    <property name="ant.project.name" value="temp-apache-script" />
    <property name="sun.jnu.encoding" value="MacRoman" />
    <property name="java.library.path" value=".:/Library/Java/Extensions:/System/Library/Java/Extensions:/usr/lib/java" />
    <property name="emma.coverage.out.file" value="/Users/djrice/studios-dev/shine/backend/reports/emma/coverage.ec" />
    <property name="java.class.version" value="50.0" />
    <property name="java.specification.name" value="Java Platform API Specification" />
    <property name="sun.management.compiler" value="HotSpot Client Compiler" />
    <property name="os.version" value="10.6.2" />
    <property name="ant.file" value="/Users/djrice/studios-dev/shine/build.rake.tmp.xml" />
    <property name="http.nonProxyHosts" value="local|*.local|169.254/16|*.169.254/16" />
    <property name="user.home" value="/Users/djrice" />
    <property name="user.timezone" value="" />
    <property name="java.awt.printerjob" value="apple.awt.CPrinterJob" />
    <property name="file.encoding" value="MacRoman" />
    <property name="java.specification.version" value="1.6" />
    <property name="java.class.path" value="/Users/djrice/studios-dev/shine/tools/TDB-0.8.4/lib/arq-2.8.2-tests.jar:/Users/djrice/studios-dev/shine/tools/TDB-0.8.4/lib/arq-2.8.2.jar:/Users/djrice/studios-dev/shine/tools/TDB-0.8.4/lib/icu4j-3.4.4.jar:/Users/djrice/studios-dev/shine/tools/TDB-0.8.4/lib/iri-0.8.jar:/Users/djrice/studios-dev/shine/tools/TDB-0.8.4/lib/jena-2.6.2-tests.jar:/Users/djrice/studios-dev/shine/tools/TDB-0.8.4/lib/jena-2.6.2.jar:/Users/djrice/studios-dev/shine/tools/TDB-0.8.4/lib/junit-4.5.jar:/Users/djrice/studios-dev/shine/tools/TDB-0.8.4/lib/log4j-1.2.14.jar:/Users/djrice/studios-dev/shine/tools/TDB-0.8.4/lib/lucene-core-2.3.1.jar:/Users/djrice/studios-dev/shine/tools/TDB-0.8.4/lib/slf4j-api-1.5.8.jar:/Users/djrice/studios-dev/shine/tools/TDB-0.8.4/lib/slf4j-log4j12-1.5.6.jar:/Users/djrice/studios-dev/shine/tools/TDB-0.8.4/lib/stax-api-1.0.1.jar:/Users/djrice/studios-dev/shine/tools/TDB-0.8.4/lib/tdb-0.8.4.jar:/Users/djrice/studios-dev/shine/tools/TDB-0.8.4/lib/wstx-asl-3.2.9.jar:/Users/djrice/studios-dev/shine/tools/TDB-0.8.4/lib/xercesImpl-2.7.1.jar:/Users/djrice/studios-dev/shine/tools/dom4j-1.6.1/dom4j-1.6.1.jar:/Users/djrice/studios-dev/shine/tools/dom4j-1.6.1/lib/jaxen-1.1-beta-6.jar:/Users/djrice/studios-dev/shine/backend/target/test:/Users/djrice/studios-dev/shine/backend/target/instrumented:/Users/djrice/studios-dev/shine/tools/emma/emma.jar:/Users/djrice/studios-dev/shine/backend/target/classes:/Users/djrice/studios-dev/shine/tools/ant/lib/ant-launcher.jar:/Users/djrice/studios-dev/shine/tools/ant/lib/ant.jar:/Users/djrice/studios-dev/shine/tools/ant/lib/ant-junit.jar" />
    <property name="user.name" value="djrice" />
    <property name="java.vm.specification.version" value="1.0" />
    <property name="sun.arch.data.model" value="32" />
    <property name="java.home" value="/System/Library/Frameworks/JavaVM.framework/Versions/1.6.0/Home" />
    <property name="java.specification.vendor" value="Sun Microsystems Inc." />
    <property name="user.language" value="en" />
    <property name="awt.toolkit" value="apple.awt.CToolkit" />
    <property name="java.vm.info" value="mixed mode" />
    <property name="java.version" value="1.6.0_17" />
    <property name="java.ext.dirs" value="/Library/Java/Extensions:/System/Library/Java/Extensions:/System/Library/Frameworks/JavaVM.framework/Versions/1.6.0/Home/lib/ext" />
    <property name="sun.boot.class.path" value="/System/Library/Frameworks/JavaVM.framework/Versions/1.6.0/Classes/jsfd.jar:/System/Library/Frameworks/JavaVM.framework/Versions/1.6.0/Classes/classes.jar:/System/Library/Frameworks/JavaVM.framework/Frameworks/JavaRuntimeSupport.framework/Resources/Java/JavaRuntimeSupport.jar:/System/Library/Frameworks/JavaVM.framework/Versions/1.6.0/Classes/ui.jar:/System/Library/Frameworks/JavaVM.framework/Versions/1.6.0/Classes/laf.jar:/System/Library/Frameworks/JavaVM.framework/Versions/1.6.0/Classes/sunrsasign.jar:/System/Library/Frameworks/JavaVM.framework/Versions/1.6.0/Classes/jsse.jar:/System/Library/Frameworks/JavaVM.framework/Versions/1.6.0/Classes/jce.jar:/System/Library/Frameworks/JavaVM.framework/Versions/1.6.0/Classes/charsets.jar" />
    <property name="java.vendor" value="Apple Inc." />
    <property name="file.separator" value="/" />
    <property name="java.vendor.url.bug" value="http://bugreport.apple.com/" />
    <property name="sun.cpu.endian" value="little" />
    <property name="sun.io.unicode.encoding" value="UnicodeLittle" />
    <property name="mrj.version" value="1060.1.6.0_17-248" />
    <property name="socksNonProxyHosts" value="local|*.local|169.254/16|*.169.254/16" />
    <property name="ftp.nonProxyHosts" value="local|*.local|169.254/16|*.169.254/16" />
    <property name="sun.cpu.isalist" value="" />
  </properties>
  <testcase classname="com.thoughtworks.studios.shine.semweb.jena.JenaBoundVariablesTest" name="getNodeReturnsCorrectValueWhenALiteral" time="0.0020" />
  <testcase classname="com.thoughtworks.studios.shine.semweb.jena.JenaBoundVariablesTest" name="getNodeReturnsCorrectValueWhenAResource" time="0.0020" />
  <testcase classname="com.thoughtworks.studios.shine.semweb.jena.JenaBoundVariablesTest" name="getStringReturnsCorrectlyTypedValue" time="0.0020" />
  <testcase classname="com.thoughtworks.studios.shine.semweb.jena.JenaBoundVariablesTest" name="getStringReturnsNullWhenVariableNotBound" time="0.0040">
    <error message="Line 1, column 194: Unresolved prefixed name: minle:name" type="com.hp.hpl.jena.query.QueryParseException">com.hp.hpl.jena.query.QueryParseException:
      Line 1, column 194: Unresolved prefixed name: minle:name
      at com.hp.hpl.jena.sparql.lang.ParserBase.throwParseException(ParserBase.java:543)
      at com.hp.hpl.jena.sparql.lang.ParserBase.resolvePName(ParserBase.java:232)
      at com.hp.hpl.jena.sparql.lang.arq.ARQParser.PrefixedName(ARQParser.java:3386)
      at com.hp.hpl.jena.sparql.lang.arq.ARQParser.IRIref(ARQParser.java:3370)
      at com.hp.hpl.jena.sparql.lang.arq.ARQParser.PathPrimary(ARQParser.java:2206)
      at com.hp.hpl.jena.sparql.lang.arq.ARQParser.PathElt(ARQParser.java:2103)
      at com.hp.hpl.jena.sparql.lang.arq.ARQParser.PathEltOrReverse(ARQParser.java:2128)
      at com.hp.hpl.jena.sparql.lang.arq.ARQParser.PathSequence(ARQParser.java:2067)
      at com.hp.hpl.jena.sparql.lang.arq.ARQParser.PathAlternative(ARQParser.java:2046)
      at com.hp.hpl.jena.sparql.lang.arq.ARQParser.Path(ARQParser.java:2039)
      at com.hp.hpl.jena.sparql.lang.arq.ARQParser.VerbPath(ARQParser.java:2010)
      at com.hp.hpl.jena.sparql.lang.arq.ARQParser.PropertyListNotEmptyPath(ARQParser.java:1932)
      at com.hp.hpl.jena.sparql.lang.arq.ARQParser.TriplesSameSubjectPath(ARQParser.java:1908)
      at com.hp.hpl.jena.sparql.lang.arq.ARQParser.TriplesBlock(ARQParser.java:1399)
      at com.hp.hpl.jena.sparql.lang.arq.ARQParser.GroupGraphPatternSub(ARQParser.java:1297)
      at com.hp.hpl.jena.sparql.lang.arq.ARQParser.GroupGraphPattern(ARQParser.java:1259)
      at com.hp.hpl.jena.sparql.lang.arq.ARQParser.OptionalGraphPattern(ARQParser.java:1487)
      at com.hp.hpl.jena.sparql.lang.arq.ARQParser.GraphPatternNotTriples(ARQParser.java:1449)
      at com.hp.hpl.jena.sparql.lang.arq.ARQParser.GroupGraphPatternSub(ARQParser.java:1334)
      at com.hp.hpl.jena.sparql.lang.arq.ARQParser.GroupGraphPattern(ARQParser.java:1259)
      at com.hp.hpl.jena.sparql.lang.arq.ARQParser.WhereClause(ARQParser.java:468)
      at com.hp.hpl.jena.sparql.lang.arq.ARQParser.SelectQuery(ARQParser.java:136)
      at com.hp.hpl.jena.sparql.lang.arq.ARQParser.Query(ARQParser.java:64)
      at com.hp.hpl.jena.sparql.lang.arq.ARQParser.QueryUnit(ARQParser.java:57)
      at com.hp.hpl.jena.sparql.lang.ParserARQ$1.exec(ParserARQ.java:35)
      at com.hp.hpl.jena.sparql.lang.ParserARQ.perform(ParserARQ.java:82)
      at com.hp.hpl.jena.sparql.lang.ParserARQ.parse(ParserARQ.java:39)
      at com.hp.hpl.jena.query.QueryFactory.parse(QueryFactory.java:129)
      at com.hp.hpl.jena.query.QueryFactory.create(QueryFactory.java:72)
      at com.hp.hpl.jena.query.QueryFactory.create(QueryFactory.java:43)
      at com.thoughtworks.studios.shine.semweb.jena.InMemoryGraphFactory.selectFirst(Graph.java:101)
      at
      com.thoughtworks.studios.shine.semweb.jena.JenaBoundVariablesTest.getStringReturnsNullWhenVariableNotBound(JenaBoundVariablesTest.java:83)
    </error>
  </testcase>
  <testcase classname="com.thoughtworks.studios.shine.semweb.jena.JenaBoundVariablesTest" name="getBooleanReturnsCorrectlyTypedValue" time="0.0020" />
  <testcase classname="com.thoughtworks.studios.shine.semweb.jena.JenaBoundVariablesTest" name="getBooleanReturnsNullWhenVariableNotBound" time="0.0020" />
  <testcase classname="com.thoughtworks.studios.shine.semweb.jena.JenaBoundVariablesTest" name="getDecimalReturnsNullWhenVariableNotBound" time="0.0020" />
  <testcase classname="com.thoughtworks.studios.shine.semweb.jena.JenaBoundVariablesTest" name="getDecimalReturnsCorrectlyTypedValue" time="0.0020" />
  <testcase classname="com.thoughtworks.studios.shine.semweb.jena.JenaBoundVariablesTest" name="getDecimalCopesWithJenaDemotingNumericTypes" time="0.0020" />
  <testcase classname="com.thoughtworks.studios.shine.semweb.jena.JenaBoundVariablesTest" name="getResourceReturnsNullWhenVariableNotBound" time="0.0050" />
  <testcase classname="com.thoughtworks.studios.shine.semweb.jena.JenaBoundVariablesTest" name="getResourceReturnsCorrectlyTypedValue" time="0.0030" />
  <testcase classname="com.thoughtworks.studios.shine.semweb.jena.JenaBoundVariablesTest" name="getDateTimeReturnsCorrectlyTypedValue" time="0.0020" />
  <testcase classname="com.thoughtworks.studios.shine.semweb.jena.JenaBoundVariablesTest" name="getDateTimeReturnsNullWhenVariableNotBound" time="0.0020" />
  <testcase classname="com.thoughtworks.studios.shine.semweb.jena.JenaBoundVariablesTest" name="ensureDefautlConstructorDoesntExplodeAndGettersReturnNull" time="0.0" />
  <testcase classname="com.thoughtworks.studios.shine.semweb.jena.JenaBoundVariablesTest" name="checkThatIsLiteralReturnsFalseWhenBoundVariableIsAResource" time="0.0020" />
  <testcase classname="com.thoughtworks.studios.shine.semweb.jena.JenaBoundVariablesTest" name="checkThatIsLiteralReturnsTrueWhenBoundVariableIsAString" time="0.0020" />
  <system-out><![CDATA[]]></system-out>
  <system-err><![CDATA[]]></system-err>
</testsuite>
