<?xml version="1.0" encoding="UTF-8"?>
<!-- *
 * Copyright 2022 ThoughtWorks, Inc.
 *
 * Licensed under the Apache License, Version 2.0 (the "License");
 * you may not use this file except in compliance with the License.
 * You may obtain a copy of the License at
 *
 *    http://www.apache.org/licenses/LICENSE-2.0
 *
 * Unless required by applicable law or agreed to in writing, software
 * distributed under the License is distributed on an "AS IS" BASIS,
 * WITHOUT WARRANTIES OR CONDITIONS OF ANY KIND, either express or implied.
 * See the License for the specific language governing permissions and
 * limitations under the License.
 * -->

<testsuite failures="1" time="0.230254" assertions="11" tests="7" errors="0" name="PostsControllerTest">
  <testcase time="0.185412" assertions="2" name="test_should_create_post">
  </testcase>
  <testcase time="0.005444" assertions="2" name="test_should_destroy_post">
  </testcase>
  <testcase time="0.009815" assertions="1" name="test_should_get_edit">
  </testcase>
  <testcase time="0.01683" assertions="3" name="test_should_get_index">
    <failure type="Test::Unit::AssertionFailedError" message="&lt;false&gt; is not true.">
&lt;false&gt; is not true. (Test::Unit::AssertionFailedError)
/test/functional/posts_controller_test.rb:8:in `test_should_get_index'    </failure>
  </testcase>
  <testcase time="0.00467" assertions="1" name="test_should_get_new">
  </testcase>
  <testcase time="0.003776" assertions="1" name="test_should_show_post">
  </testcase>
  <testcase time="0.003889" assertions="1" name="test_should_update_post">
  </testcase>
  <system-out>
    <![CDATA[]]>
  </system-out>
  <system-err>
    <![CDATA[]]>
  </system-err>
</testsuite>
